<?xml version="1.0" encoding="UTF-8"?>
<testng-results skipped="0" failed="0" ignored="0" total="1" passed="1">
  <reporter-output>
  </reporter-output>
  <suite name="Default suite" duration-ms="8858" started-at="2020-06-10T10:34:56 MDT" finished-at="2020-06-10T10:35:05 MDT">
    <groups>
    </groups>
    <test name="Default test" duration-ms="8858" started-at="2020-06-10T10:34:56 MDT" finished-at="2020-06-10T10:35:05 MDT">
      <class name="jenkinsDemo.TC_001">
        <test-method status="PASS" signature="FBLogin()[pri:0, instance:jenkinsDemo.TC_001@853265]" name="FBLogin" duration-ms="8763" started-at="2020-06-10T10:34:56 MDT" finished-at="2020-06-10T10:35:05 MDT">
          <reporter-output>
          </reporter-output>
        </test-method> <!-- FBLogin -->
      </class> <!-- jenkinsDemo.TC_001 -->
    </test> <!-- Default test -->
  </suite> <!-- Default suite -->
</testng-results>
