<?xml version="1.0" encoding="UTF-8"?>
<!-- Generated by org.testng.reporters.JUnitXMLReporter -->
<testsuite ignored="0" hostname="DESKTOP-B1O0VS9" failures="1" tests="3" name="FirefoxResgressionTest" time="64.051" errors="0" timestamp="2020-06-09T11:25:48 MDT">
  <testcase classname="MyMavenDemo.MavenDemo.TC_004" name="RadioButtonFB" time="1.355"/>
  <testcase classname="MyMavenDemo.MavenDemo.TC_003" name="LinkTextFB" time="1.894"/>
  <testcase classname="MyMavenDemo.MavenDemo.TC_002" name="Demo_Test" time="2.087">
    <failure type="java.lang.NullPointerException">
      <![CDATA[java.lang.NullPointerException
at MyMavenDemo.MavenDemo.TC_002.Demo_Test(TC_002.java:42)
at java.base/java.util.ArrayList.forEach(ArrayList.java:1507)
... Removed 27 stack frames]]>
    </failure>
  </testcase> <!-- Demo_Test -->
</testsuite> <!-- FirefoxResgressionTest -->
