<?xml version="1.0" encoding="UTF-8"?>
<!-- Generated by org.testng.reporters.JUnitXMLReporter -->
<testsuite ignored="0" hostname="DESKTOP-B1O0VS9" failures="0" tests="3" name="ResgressionTest" time="74.695" errors="0" timestamp="2020-06-03T10:56:40 MDT">
  <testcase classname="MyMavenDemo.MavenDemo.TC_004" name="RadioButtonFB" time="1.26"/>
  <testcase classname="MyMavenDemo.MavenDemo.TC_003" name="LinkTextFB" time="1.591"/>
  <testcase classname="MyMavenDemo.MavenDemo.TC_002" name="Demo_Test" time="35.498"/>
</testsuite> <!-- ResgressionTest -->
