<?xml version="1.0" encoding="UTF-8"?>
<testng-results ignored="0" total="1" passed="1" failed="0" skipped="0">
  <reporter-output>
  </reporter-output>
  <suite started-at="2020-05-19T15:21:27 MDT" name="Default suite" finished-at="2020-05-19T15:21:37 MDT" duration-ms="10027">
    <groups>
    </groups>
    <test started-at="2020-05-19T15:21:27 MDT" name="Default test" finished-at="2020-05-19T15:21:37 MDT" duration-ms="10027">
      <class name="recordWithMonte.ClickTest">
        <test-method is-config="true" signature="setup()[pri:0, instance:recordWithMonte.ClickTest@163e4e87]" started-at="2020-05-19T15:21:27 MDT" name="setup" finished-at="2020-05-19T15:21:34 MDT" duration-ms="6820" status="PASS">
          <reporter-output>
          </reporter-output>
        </test-method> <!-- setup -->
        <test-method signature="verifyLinks()[pri:0, instance:recordWithMonte.ClickTest@163e4e87]" started-at="2020-05-19T15:21:34 MDT" name="verifyLinks" finished-at="2020-05-19T15:21:36 MDT" duration-ms="2502" status="PASS">
          <reporter-output>
          </reporter-output>
        </test-method> <!-- verifyLinks -->
        <test-method is-config="true" signature="tearDown(org.testng.ITestResult)[pri:0, instance:recordWithMonte.ClickTest@163e4e87]" started-at="2020-05-19T15:21:36 MDT" name="tearDown" finished-at="2020-05-19T15:21:37 MDT" duration-ms="636" status="PASS">
          <params>
            <param index="0">
              <value>
                <![CDATA[[TestResult name=verifyLinks status=SUCCESS method=ClickTest.verifyLinks()[pri:0, instance:recordWithMonte.ClickTest@163e4e87] output={null}]]]>
              </value>
            </param>
          </params>
          <reporter-output>
          </reporter-output>
        </test-method> <!-- tearDown -->
      </class> <!-- recordWithMonte.ClickTest -->
    </test> <!-- Default test -->
  </suite> <!-- Default suite -->
</testng-results>
